                                 Started job on |	Jun 18 12:49:27
                             Started mapping on |	Jun 18 12:58:45
                                    Finished on |	Jun 18 13:00:57
       Mapping speed, Million of reads per hour |	209.44

                          Number of input reads |	7679627
                      Average input read length |	50
                                    UNIQUE READS:
                   Uniquely mapped reads number |	4724128
                        Uniquely mapped reads % |	61.52%
                          Average mapped length |	48.49
                       Number of splices: Total |	641918
            Number of splices: Annotated (sjdb) |	641907
                       Number of splices: GT/AG |	636909
                       Number of splices: GC/AG |	3256
                       Number of splices: AT/AC |	818
               Number of splices: Non-canonical |	935
                      Mismatch rate per base, % |	0.33%
                         Deletion rate per base |	0.01%
                        Deletion average length |	1.39
                        Insertion rate per base |	0.01%
                       Insertion average length |	1.20
                             MULTI-MAPPING READS:
        Number of reads mapped to multiple loci |	2780724
             % of reads mapped to multiple loci |	36.21%
        Number of reads mapped to too many loci |	10139
             % of reads mapped to too many loci |	0.13%
                                  UNMAPPED READS:
       % of reads unmapped: too many mismatches |	0.55%
                 % of reads unmapped: too short |	0.48%
                     % of reads unmapped: other |	0.20%
                                  CHIMERIC READS:
                       Number of chimeric reads |	70537
                            % of chimeric reads |	0.92%
