                                 Started job on |	Jun 19 11:18:47
                             Started mapping on |	Jun 19 11:21:31
                                    Finished on |	Jun 19 11:23:22
       Mapping speed, Million of reads per hour |	135.26

                          Number of input reads |	4170414
                      Average input read length |	287
                                    UNIQUE READS:
                   Uniquely mapped reads number |	3988114
                        Uniquely mapped reads % |	95.63%
                          Average mapped length |	286.28
                       Number of splices: Total |	3271316
            Number of splices: Annotated (sjdb) |	3234474
                       Number of splices: GT/AG |	3236741
                       Number of splices: GC/AG |	18847
                       Number of splices: AT/AC |	9007
               Number of splices: Non-canonical |	6721
                      Mismatch rate per base, % |	0.37%
                         Deletion rate per base |	0.01%
                        Deletion average length |	1.64
                        Insertion rate per base |	0.00%
                       Insertion average length |	1.52
                             MULTI-MAPPING READS:
        Number of reads mapped to multiple loci |	40196
             % of reads mapped to multiple loci |	0.96%
        Number of reads mapped to too many loci |	566
             % of reads mapped to too many loci |	0.01%
                                  UNMAPPED READS:
       % of reads unmapped: too many mismatches |	0.00%
                 % of reads unmapped: too short |	1.19%
                     % of reads unmapped: other |	0.03%
                                  CHIMERIC READS:
                       Number of chimeric reads |	90951
                            % of chimeric reads |	2.18%
