                                 Started job on |	Jun 19 16:40:14
                             Started mapping on |	Jun 19 16:42:14
                                    Finished on |	Jun 19 16:43:44
       Mapping speed, Million of reads per hour |	134.83

                          Number of input reads |	3370649
                      Average input read length |	285
                                    UNIQUE READS:
                   Uniquely mapped reads number |	3220096
                        Uniquely mapped reads % |	95.53%
                          Average mapped length |	284.74
                       Number of splices: Total |	2172961
            Number of splices: Annotated (sjdb) |	2139906
                       Number of splices: GT/AG |	2147840
                       Number of splices: GC/AG |	11872
                       Number of splices: AT/AC |	5044
               Number of splices: Non-canonical |	8205
                      Mismatch rate per base, % |	0.38%
                         Deletion rate per base |	0.01%
                        Deletion average length |	1.65
                        Insertion rate per base |	0.00%
                       Insertion average length |	1.57
                             MULTI-MAPPING READS:
        Number of reads mapped to multiple loci |	29509
             % of reads mapped to multiple loci |	0.88%
        Number of reads mapped to too many loci |	531
             % of reads mapped to too many loci |	0.02%
                                  UNMAPPED READS:
       % of reads unmapped: too many mismatches |	0.00%
                 % of reads unmapped: too short |	1.09%
                     % of reads unmapped: other |	0.02%
                                  CHIMERIC READS:
                       Number of chimeric reads |	82765
                            % of chimeric reads |	2.46%
